Removed Pin From Net: NetName=GND Pin=BOOT-1
Removed Pin From Net: NetName=GND Pin=BOOT-2
Removed Pin From Net: NetName=GND Pin=C7-1
Removed Pin From Net: NetName=GND Pin=C32-2
Removed Pin From Net: NetName=GND Pin=C38-1
Removed Pin From Net: NetName=GND Pin=C39-1
Removed Pin From Net: NetName=GND Pin=J1-1
Removed Pin From Net: NetName=GND Pin=P14-4
Removed Pin From Net: NetName=GND Pin=P15-4
Removed Pin From Net: NetName=GND Pin=R3-2
Removed Pin From Net: NetName=GND Pin=R5-2
Removed Pin From Net: NetName=GND Pin=R11-1
Removed Pin From Net: NetName=GND Pin=R16-2
Removed Pin From Net: NetName=GND Pin=R17-2
Removed Pin From Net: NetName=GND Pin=R18-2
Removed Pin From Net: NetName=GND Pin=R19-2
Removed Pin From Net: NetName=GND Pin=R20-2
Removed Pin From Net: NetName=GND Pin=R23-2
Removed Pin From Net: NetName=GND Pin=R33-2
Removed Pin From Net: NetName=GND Pin=R34-2
Removed Pin From Net: NetName=GND Pin=SD_CARD-4
Removed Pin From Net: NetName=GND Pin=U4-14
Removed Pin From Net: NetName=GND Pin=U5-5
Added Pin To Net: NetName=VCC3.3 Pin=BOOT-1
Added Pin To Net: NetName=VCC3.3 Pin=BOOT-2
Added Pin To Net: NetName=VCC3.3 Pin=C7-1
Added Pin To Net: NetName=VCC3.3 Pin=C32-2
Added Pin To Net: NetName=VCC3.3 Pin=C38-1
Added Pin To Net: NetName=VCC3.3 Pin=C39-1
Added Pin To Net: NetName=VCC3.3 Pin=J1-1
Added Pin To Net: NetName=VCC3.3 Pin=P14-4
Added Pin To Net: NetName=VCC3.3 Pin=P15-4
Added Pin To Net: NetName=VCC3.3 Pin=R3-2
Added Pin To Net: NetName=VCC3.3 Pin=R5-2
Added Pin To Net: NetName=VCC3.3 Pin=R11-1
Added Pin To Net: NetName=VCC3.3 Pin=R16-2
Added Pin To Net: NetName=VCC3.3 Pin=R17-2
Added Pin To Net: NetName=VCC3.3 Pin=R18-2
Added Pin To Net: NetName=VCC3.3 Pin=R19-2
Added Pin To Net: NetName=VCC3.3 Pin=R20-2
Added Pin To Net: NetName=VCC3.3 Pin=R23-2
Added Pin To Net: NetName=VCC3.3 Pin=R33-2
Added Pin To Net: NetName=VCC3.3 Pin=R34-2
Added Pin To Net: NetName=VCC3.3 Pin=SD_CARD-4
Added Pin To Net: NetName=VCC3.3 Pin=U4-14
Added Pin To Net: NetName=VCC3.3 Pin=U5-5
Added Net: Name=VCC3.3
Added Room: Name=Robot_demoborad
