Removed Pin From Net: NetName=FOOT_1 Pin=P1-2
Removed Pin From Net: NetName=VCC Pin=P2-1
Removed Pin From Net: NetName=FOOT_2 Pin=P2-2
Removed Pin From Net: NetName=VCC Pin=P3-1
Removed Pin From Net: NetName=FOOT_3 Pin=P3-2
Removed Pin From Net: NetName=VCC Pin=P4-1
Removed Pin From Net: NetName=FOOT_4 Pin=P4-2
Removed Pin From Net: NetName=VCC Pin=P5-1
Removed Pin From Net: NetName=GND Pin=P5-2
Removed Pin From Net: NetName=SENSER_1 Pin=P6-1
Removed Pin From Net: NetName=SENSER_2 Pin=P6-2
Removed Pin From Net: NetName=SENSER_3 Pin=P6-3
Removed Pin From Net: NetName=SENSER_4 Pin=P6-4
Removed Member From Class: ClassName=FSR Current-to-Voltage Converter Member=P3
Removed Member From Class: ClassName=FSR Current-to-Voltage Converter Member=P4
Removed Member From Class: ClassName=FSR Current-to-Voltage Converter Member=P5
Removed Member From Class: ClassName=FSR Current-to-Voltage Converter Member=P6
Change Component Footprint: Designator=P2 Old Footprint=HDR1X2 New Footprint=HDR2X3
Change Component Footprint: Designator=P1 Old Footprint=HDR1X2 New Footprint=HDR2X4
Change Component Comment : Designator=P2 Old Comment=foot-2 New Comment=Header 3X2
Change Component Comment : Designator=P1 Old Comment=foot_1 New Comment=FOOT
Change component parameters: Designator = "P1"; Footprint = "HDR2X4"; UniqueID = "\EPGXMXDL"
Change component parameters. Clean all parameters for all variants
Change component parameters (AddParameter): Name = "LatestRevisionDate"; Value = "17-Jul-2002"; VariantName = "[No Variations]"
Change component parameters (AddParameter): Name = "LatestRevisionNote"; Value = "Re-released for DXP Platform."; VariantName = "[No Variations]"
Change component parameters (AddParameter): Name = "Publisher"; Value = "Altium Limited"; VariantName = "[No Variations]"
Change component parameters: Designator = "P2"; Footprint = "HDR2X3"; UniqueID = "\WAACLBVQ"
Change component parameters. Clean all parameters for all variants
Change component parameters (AddParameter): Name = "LatestRevisionDate"; Value = "17-Jul-2002"; VariantName = "[No Variations]"
Change component parameters (AddParameter): Name = "LatestRevisionNote"; Value = "Re-released for DXP Platform."; VariantName = "[No Variations]"
Change component parameters (AddParameter): Name = "Publisher"; Value = "Altium Limited"; VariantName = "[No Variations]"
Change component parameters: Designator = "D?"; Footprint = "DSO-C2/D5.6"; UniqueID = "\VRJKIKLN"
Change component parameters. Clean all parameters for all variants
Change component parameters (AddParameter): Name = "DatasheetVersion"; Value = "16-Apr-2002"; VariantName = "[No Variations]"
Change component parameters (AddParameter): Name = "LatestRevisionDate"; Value = "17-Dec-2003"; VariantName = "[No Variations]"
Change component parameters (AddParameter): Name = "LatestRevisionNote"; Value = "PCB Footprint replaced."; VariantName = "[No Variations]"
Change component parameters (AddParameter): Name = "PackageReference"; Value = "3.5X2.8X1.9"; VariantName = "[No Variations]"
Change component parameters (AddParameter): Name = "PackageVersion"; Value = "16-Apr-2002"; VariantName = "[No Variations]"
Change component parameters (AddParameter): Name = "Published"; Value = "8-Jun-2000"; VariantName = "[No Variations]"
Change component parameters (AddParameter): Name = "Publisher"; Value = "Altium Limited"; VariantName = "[No Variations]"
Change component parameters: Designator = "R?"; Footprint = "RESC1608L"; UniqueID = "\CCCNXETS"
Change component parameters. Clean all parameters for all variants
Change component parameters (AddParameter): Name = "LatestRevisionDate"; Value = "29-May-2009"; VariantName = "[No Variations]"
Change component parameters (AddParameter): Name = "LatestRevisionNote"; Value = "IPC-7351 Footprint Added."; VariantName = "[No Variations]"
Change component parameters (AddParameter): Name = "PackageDescription"; Value = "Chip Resistor"; VariantName = "[No Variations]"
Change component parameters (AddParameter): Name = "PackageReference"; Value = "J1-0603"; VariantName = "[No Variations]"
Change component parameters (AddParameter): Name = "Published"; Value = "8-Jun-2000"; VariantName = "[No Variations]"
Change component parameters (AddParameter): Name = "Publisher"; Value = "Altium Limited"; VariantName = "[No Variations]"
Change component parameters (AddParameter): Name = "Value"; Value = "1K"; VariantName = "[No Variations]"
Change component parameters: Designator = "RG1"; Footprint = "RESC2012N"; UniqueID = "\EBJLKXIS"
Change component parameters. Clean all parameters for all variants
Change component parameters (AddParameter): Name = "LatestRevisionDate"; Value = "29-May-2009"; VariantName = "[No Variations]"
Change component parameters (AddParameter): Name = "LatestRevisionNote"; Value = "IPC-7351 Footprint Added."; VariantName = "[No Variations]"
Change component parameters (AddParameter): Name = "PackageDescription"; Value = "Chip Resistor"; VariantName = "[No Variations]"
Change component parameters (AddParameter): Name = "PackageReference"; Value = "J1-0603"; VariantName = "[No Variations]"
Change component parameters (AddParameter): Name = "Published"; Value = "8-Jun-2000"; VariantName = "[No Variations]"
Change component parameters (AddParameter): Name = "Publisher"; Value = "Altium Limited"; VariantName = "[No Variations]"
Change component parameters (AddParameter): Name = "Value"; Value = "4.7K"; VariantName = "[No Variations]"
Change component parameters: Designator = "RG2"; Footprint = "RESC2012N"; UniqueID = "\KBGRWMPE"
Change component parameters. Clean all parameters for all variants
Change component parameters (AddParameter): Name = "LatestRevisionDate"; Value = "29-May-2009"; VariantName = "[No Variations]"
Change component parameters (AddParameter): Name = "LatestRevisionNote"; Value = "IPC-7351 Footprint Added."; VariantName = "[No Variations]"
Change component parameters (AddParameter): Name = "PackageDescription"; Value = "Chip Resistor"; VariantName = "[No Variations]"
Change component parameters (AddParameter): Name = "PackageReference"; Value = "J1-0603"; VariantName = "[No Variations]"
Change component parameters (AddParameter): Name = "Published"; Value = "8-Jun-2000"; VariantName = "[No Variations]"
Change component parameters (AddParameter): Name = "Publisher"; Value = "Altium Limited"; VariantName = "[No Variations]"
Change component parameters (AddParameter): Name = "Value"; Value = "4.7K"; VariantName = "[No Variations]"
Change component parameters: Designator = "RG3"; Footprint = "RESC2012N"; UniqueID = "\UIPUELBB"
Change component parameters. Clean all parameters for all variants
Change component parameters (AddParameter): Name = "LatestRevisionDate"; Value = "29-May-2009"; VariantName = "[No Variations]"
Change component parameters (AddParameter): Name = "LatestRevisionNote"; Value = "IPC-7351 Footprint Added."; VariantName = "[No Variations]"
Change component parameters (AddParameter): Name = "PackageDescription"; Value = "Chip Resistor"; VariantName = "[No Variations]"
Change component parameters (AddParameter): Name = "PackageReference"; Value = "J1-0603"; VariantName = "[No Variations]"
Change component parameters (AddParameter): Name = "Published"; Value = "8-Jun-2000"; VariantName = "[No Variations]"
Change component parameters (AddParameter): Name = "Publisher"; Value = "Altium Limited"; VariantName = "[No Variations]"
Change component parameters (AddParameter): Name = "Value"; Value = "4.7K"; VariantName = "[No Variations]"
Change component parameters: Designator = "RG4"; Footprint = "RESC2012N"; UniqueID = "\UXCMTHAO"
Change component parameters. Clean all parameters for all variants
Change component parameters (AddParameter): Name = "LatestRevisionDate"; Value = "29-May-2009"; VariantName = "[No Variations]"
Change component parameters (AddParameter): Name = "LatestRevisionNote"; Value = "IPC-7351 Footprint Added."; VariantName = "[No Variations]"
Change component parameters (AddParameter): Name = "PackageDescription"; Value = "Chip Resistor"; VariantName = "[No Variations]"
Change component parameters (AddParameter): Name = "PackageReference"; Value = "J1-0603"; VariantName = "[No Variations]"
Change component parameters (AddParameter): Name = "Published"; Value = "8-Jun-2000"; VariantName = "[No Variations]"
Change component parameters (AddParameter): Name = "Publisher"; Value = "Altium Limited"; VariantName = "[No Variations]"
Change component parameters (AddParameter): Name = "Value"; Value = "4.7K"; VariantName = "[No Variations]"
Change component parameters: Designator = "U1"; Footprint = "SO14_N"; UniqueID = "\EIMGHLOM"
Change component parameters. Clean all parameters for all variants
Change component parameters (AddParameter): Name = "Code_IPC"; Value = "SOIC127P600-14"; VariantName = "[No Variations]"
Change component parameters (AddParameter): Name = "ComponentLink1Description"; Value = "Manufacturer Link"; VariantName = "[No Variations]"
Change component parameters (AddParameter): Name = "ComponentLink1URL"; Value = "http://www.st.com/"; VariantName = "[No Variations]"
Change component parameters (AddParameter): Name = "ComponentLink2Description"; Value = "Datasheet"; VariantName = "[No Variations]"
Change component parameters (AddParameter): Name = "ComponentLink2URL"; Value = "http://www.st.com/stonline/products/literature/ds/4797/lm224a.pdf"; VariantName = "[No Variations]"
Change component parameters (AddParameter): Name = "DatasheetVersion"; Value = "Nov-1997"; VariantName = "[No Variations]"
Change component parameters (AddParameter): Name = "LatestRevisionDate"; Value = "13-Apr-2006"; VariantName = "[No Variations]"
Change component parameters (AddParameter): Name = "LatestRevisionNote"; Value = "IPC-7351 Footprint Added."; VariantName = "[No Variations]"
Change component parameters (AddParameter): Name = "PackageDescription"; Value = "14-Pin Small Outline Integrated Circuit 1.27 mm Pitch"; VariantName = "[No Variations]"
Change component parameters (AddParameter): Name = "PackageReference"; Value = "SO14"; VariantName = "[No Variations]"
Change component parameters (AddParameter): Name = "PackageVersion"; Value = "Sep-1998"; VariantName = "[No Variations]"
Change component parameters (AddParameter): Name = "Published"; Value = "24-Aug-2001"; VariantName = "[No Variations]"
Change component parameters (AddParameter): Name = "Publisher"; Value = "Altium Limited"; VariantName = "[No Variations]"
Added Pin To Net: NetName=VCC Pin=P1-3
Added Pin To Net: NetName=VCC Pin=P1-5
Added Pin To Net: NetName=VCC Pin=P1-7
Added Pin To Net: NetName=SENSER_1 Pin=P2-1
Added Pin To Net: NetName=SENSER_3 Pin=P2-3
Added Pin To Net: NetName=VCC Pin=P2-5
Added Pin To Net: NetName=GND Pin=U1-11
Added Pin To Net: NetName=NetU1_5 Pin=U1-11
Added Pin To Net: NetName=NetU1_10 Pin=U1-11
Added Room: Name=FSR Current-to-Voltage Converter
